<?xml version="1.0" encoding="UTF-8"?>
<testng-results ignored="0" total="1" passed="1" failed="0" skipped="0">
  <reporter-output>
  </reporter-output>
  <suite started-at="2020-12-16T07:13:22Z" name="Default suite" finished-at="2020-12-16T07:15:08Z" duration-ms="106695">
    <groups>
    </groups>
    <test started-at="2020-12-16T07:13:22Z" name="Default test" finished-at="2020-12-16T07:15:08Z" duration-ms="106695">
      <class name="com.training.regression.tests.LoginExcelTest">
        <test-method is-config="true" signature="setUpBeforeClass()[pri:0, instance:com.training.regression.tests.LoginExcelTest@20d7d6fb]" started-at="2020-12-16T12:43:22Z" name="setUpBeforeClass" finished-at="2020-12-16T12:43:22Z" duration-ms="74" status="PASS">
          <reporter-output>
          </reporter-output>
        </test-method> <!-- setUpBeforeClass -->
        <test-method is-config="true" signature="setUp()[pri:0, instance:com.training.regression.tests.LoginExcelTest@20d7d6fb]" started-at="2020-12-16T12:43:22Z" name="setUp" finished-at="2020-12-16T12:43:54Z" duration-ms="31870" status="PASS">
          <reporter-output>
          </reporter-output>
        </test-method> <!-- setUp -->
        <test-method signature="user()[pri:0, instance:com.training.regression.tests.LoginExcelTest@20d7d6fb]" started-at="2020-12-16T12:43:54Z" name="user" finished-at="2020-12-16T12:44:14Z" duration-ms="20444" status="PASS">
          <reporter-output>
          </reporter-output>
        </test-method> <!-- user -->
        <test-method is-config="true" signature="tearDown()[pri:0, instance:com.training.regression.tests.LoginExcelTest@20d7d6fb]" started-at="2020-12-16T12:44:14Z" name="tearDown" finished-at="2020-12-16T12:45:08Z" duration-ms="54250" status="PASS">
          <reporter-output>
          </reporter-output>
        </test-method> <!-- tearDown -->
      </class> <!-- com.training.regression.tests.LoginExcelTest -->
    </test> <!-- Default test -->
  </suite> <!-- Default suite -->
</testng-results>
